{
  "stats": {
    "suites": 1,
    "tests": 2,
    "passes": 2,
    "pending": 0,
    "failures": 0,
    "start": "2022-05-10T00:11:03.030Z",
    "end": "2022-05-10T00:11:06.039Z",
    "duration": 3009,
    "testsRegistered": 2,
    "passPercent": 100,
    "pendingPercent": 0,
    "other": 0,
    "hasOther": false,
    "skipped": 0,
    "hasSkipped": false
  },
  "results": [
    {
      "uuid": "a94aca93-5229-4506-a497-910b61b6f6c5",
      "title": "",
      "fullFile": "cypress/integration/listagem.spec.js",
      "file": "cypress/integration/listagem.spec.js",
      "beforeHooks": [],
      "afterHooks": [],
      "tests": [],
      "suites": [
        {
          "uuid": "5b9fa42e-b843-4bf1-bff1-58dcbcbcf9d1",
          "title": "Listagem",
          "fullFile": "",
          "file": "",
          "beforeHooks": [],
          "afterHooks": [],
          "tests": [
            {
              "title": "Quando não houver cadastros, então a listagem deve estar vazia",
              "fullTitle": "Listagem Quando não houver cadastros, então a listagem deve estar vazia",
              "timedOut": null,
              "duration": 800,
              "state": "passed",
              "speed": "fast",
              "pass": true,
              "fail": false,
              "pending": false,
              "context": null,
              "code": "cy.fixture('listagem-vazia').then(data => {\n  window.localStorage.setItem('data', JSON.stringify(data));\n});\nwindow.localStorage.setItem('data', JSON.stringify());\ncy.visit(\"https://form-agilizei.netlify.app/listagem.html\");\ncy.get('table tbody tr').should('have.length', 0);",
              "err": {},
              "uuid": "836dade1-6f5f-464b-87b8-cb1c5cc6eddd",
              "parentUUID": "5b9fa42e-b843-4bf1-bff1-58dcbcbcf9d1",
              "isHook": false,
              "skipped": false
            },
            {
              "title": "Quando houver um ou mais cadastros, então a listagem deve exibir cada registro",
              "fullTitle": "Listagem Quando houver um ou mais cadastros, então a listagem deve exibir cada registro",
              "timedOut": null,
              "duration": 461,
              "state": "passed",
              "speed": "fast",
              "pass": true,
              "fail": false,
              "pending": false,
              "context": null,
              "code": "cy.fixture('listagem-com-itens').then(data => {\n  window.localStorage.setItem('data', JSON.stringify(data));\n});\nwindow.localStorage.setItem('data', JSON.stringify());\ncy.visit(\"https://form-agilizei.netlify.app/listagem.html\");\ncy.get('table tbody tr').should('have.length', 2);",
              "err": {},
              "uuid": "882a9946-7d1d-4dbe-9a60-df3a31bbf278",
              "parentUUID": "5b9fa42e-b843-4bf1-bff1-58dcbcbcf9d1",
              "isHook": false,
              "skipped": false
            }
          ],
          "suites": [],
          "passes": [
            "836dade1-6f5f-464b-87b8-cb1c5cc6eddd",
            "882a9946-7d1d-4dbe-9a60-df3a31bbf278"
          ],
          "failures": [],
          "pending": [],
          "skipped": [],
          "duration": 1261,
          "root": false,
          "rootEmpty": false,
          "_timeout": 2000
        }
      ],
      "passes": [],
      "failures": [],
      "pending": [],
      "skipped": [],
      "duration": 0,
      "root": true,
      "rootEmpty": true,
      "_timeout": 2000
    }
  ],
  "meta": {
    "mocha": {
      "version": "7.0.1"
    },
    "mochawesome": {
      "options": {
        "quiet": true,
        "reportFilename": "mochawesome",
        "saveHtml": false,
        "saveJson": true,
        "consoleReporter": "spec",
        "useInlineDiffs": false,
        "code": true
      },
      "version": "7.1.3"
    },
    "marge": {
      "options": {
        "id": "default",
        "reportDir": "mochawesome-report",
        "quiet": true,
        "overwrite": false,
        "html": false,
        "json": true
      },
      "version": "6.2.0"
    }
  }
}